<?xml version="1.0" encoding="UTF-8"?>
<!-- Generated by org.testng.reporters.JUnitReportReporter -->
<testsuite hostname="Satishs-MacBook-Pro.local" failures="0" tests="3" name="com.internet.heroku.LoginTest" time="18.353" errors="0" timestamp="2022-07-31T15:02:51 EDT" skipped="0">
  <testcase classname="com.internet.heroku.LoginTest" name="positiveLoginTest" time="5.899"/>
  <system-out/>
  <testcase classname="com.internet.heroku.LoginTest" name="negativeLoginTest" time="6.397"/>
  <system-out/>
  <testcase classname="com.internet.heroku.LoginTest" name="negativeLoginTest" time="6.057"/>
  <system-out/>
</testsuite> <!-- com.internet.heroku.LoginTest -->
